<?xml version="1.0" encoding="UTF-8"?>
<testsuite name="TestSpend" tests="1" skipped="0" failures="0" errors="0" timestamp="2019-10-23T21:30:37" hostname="DESKTOP-QPJNQET" time="2.236">
  <properties/>
  <testcase name="testPostSpend" classname="TestSpend" time="2.236"/>
  <system-out><![CDATA[]]></system-out>
  <system-err><![CDATA[[Test worker] INFO ratpack.server.RatpackServer - Starting server...
[Test worker] INFO ratpack.server.RatpackServer - Building registry...
[Test worker] INFO ratpack.server.RatpackServer - Ratpack started (development) for http://localhost:55898
[ratpack-compute-4-2] ERROR ratpack.error.internal.DefaultDevelopmentErrorHandler - 404 client error for request to /
[ratpack-compute-4-3] WARN ratpack.file.internal.ResponseTransmitter - An error occurred draining the unread request body. The connection will be closed
ratpack.http.RequestBodyAlreadyReadException: the request body has already been read
	at ratpack.server.internal.RequestBody.drain(RequestBody.java:338)
	at ratpack.server.internal.DefaultResponseTransmitter.lambda$drainRequestBody$2(DefaultResponseTransmitter.java:107)
	at ratpack.exec.internal.DefaultExecution.lambda$null$2(DefaultExecution.java:124)
	at ratpack.exec.internal.DefaultExecution$SingleEventExecStream.exec(DefaultExecution.java:499)
	at ratpack.exec.internal.DefaultExecution.exec(DefaultExecution.java:224)
	at ratpack.exec.internal.DefaultExecution.exec(DefaultExecution.java:217)
	at ratpack.exec.internal.DefaultExecution.drain(DefaultExecution.java:187)
	at io.netty.util.concurrent.PromiseTask$RunnableAdapter.call(PromiseTask.java:38)
	at io.netty.util.concurrent.PromiseTask.run(PromiseTask.java:73)
	at io.netty.util.concurrent.AbstractEventExecutor.safeExecute(AbstractEventExecutor.java:163)
	at io.netty.util.concurrent.SingleThreadEventExecutor.runAllTasks(SingleThreadEventExecutor.java:416)
	at io.netty.channel.nio.NioEventLoop.run(NioEventLoop.java:515)
	at io.netty.util.concurrent.SingleThreadEventExecutor$5.run(SingleThreadEventExecutor.java:918)
	at io.netty.util.internal.ThreadExecutorMap$2.run(ThreadExecutorMap.java:74)
	at ratpack.exec.internal.DefaultExecController$ExecControllerBindingThreadFactory.lambda$newThread$0(DefaultExecController.java:137)
	at io.netty.util.concurrent.FastThreadLocalRunnable.run(FastThreadLocalRunnable.java:30)
	at java.base/java.lang.Thread.run(Thread.java:834)
[Test worker] INFO ratpack.server.RatpackServer - Stopping server...
[Test worker] INFO ratpack.server.RatpackServer - Server stopped.
]]></system-err>
</testsuite>
